<?xml version="1.0" encoding="UTF-8"?>
<testng-results ignored="0" total="1" passed="1" failed="0" skipped="0">
  <reporter-output>
  </reporter-output>
  <suite started-at="2022-10-06T19:03:18 IST" name="Default suite" finished-at="2022-10-06T19:03:26 IST" duration-ms="7972">
    <groups>
    </groups>
    <test started-at="2022-10-06T19:03:18 IST" name="Default test" finished-at="2022-10-06T19:03:26 IST" duration-ms="7972">
      <class name="SeleniumPractice.HandlePopups">
        <test-method signature="checkWithOptions()[pri:0, instance:SeleniumPractice.HandlePopups@cb0755b]" started-at="2022-10-06T19:03:18 IST" name="checkWithOptions" finished-at="2022-10-06T19:03:26 IST" duration-ms="7935" status="PASS">
          <reporter-output>
          </reporter-output>
        </test-method> <!-- checkWithOptions -->
      </class> <!-- SeleniumPractice.HandlePopups -->
    </test> <!-- Default test -->
  </suite> <!-- Default suite -->
</testng-results>
