<?xml version="1.0" encoding="UTF-8"?>
<testng-results ignored="0" total="1" passed="1" failed="0" skipped="0">
  <reporter-output>
  </reporter-output>
  <suite started-at="2022-07-27T17:22:40 IST" name="Surefire suite" finished-at="2022-07-27T17:22:49 IST" duration-ms="8645">
    <groups>
    </groups>
    <test started-at="2022-07-27T17:22:40 IST" name="Surefire test" finished-at="2022-07-27T17:22:49 IST" duration-ms="8645">
      <class name="esh.LoginToPage">
        <test-method signature="loginPageToATT()[pri:1, instance:esh.LoginToPage@49438269]" started-at="2022-07-27T17:22:40 IST" name="loginPageToATT" finished-at="2022-07-27T17:22:49 IST" duration-ms="8610" status="PASS">
          <reporter-output>
          </reporter-output>
        </test-method> <!-- loginPageToATT -->
      </class> <!-- esh.LoginToPage -->
    </test> <!-- Surefire test -->
  </suite> <!-- Surefire suite -->
</testng-results>
